<?xml version="1.0" encoding="UTF-8"?>
<!-- Generated by org.testng.reporters.JUnitXMLReporter -->
<testsuite ignored="0" hostname="DESKTOP-FFTHLO8" failures="0" tests="3" name="Default test" time="41.191" errors="0" timestamp="2024-02-23T20:01:08 IST">
  <testcase classname="tests.LoginPageTest_Para" name="enterCred" time="6.362"/>
  <testcase classname="tests.LoginPageTest_Para" name="clickPassLink" time="3.279"/>
  <testcase classname="tests.LoginPageTest_Para" name="clickChechBox" time="3.544"/>
</testsuite> <!-- Default test -->
